  [1m[35m (3.8ms)[0m  [1m[34mSELECT sqlite_version(*)[0m
  [1m[35m (0.2ms)[0m  [1m[34mSELECT sqlite_version(*)[0m
  [1m[35m (0.2ms)[0m  [1m[34mSELECT sqlite_version(*)[0m
Started GET "/clinics" for ::1 at 2021-06-27 14:07:39 +0200
  [1m[35m (0.9ms)[0m  [1m[34mSELECT sqlite_version(*)[0m
  [1m[35m (48.7ms)[0m  [1m[35mCREATE TABLE "schema_migrations" ("version" varchar NOT NULL PRIMARY KEY)[0m
  [1m[35m (54.8ms)[0m  [1m[35mCREATE TABLE "ar_internal_metadata" ("key" varchar NOT NULL PRIMARY KEY, "value" varchar, "created_at" datetime(6) NOT NULL, "updated_at" datetime(6) NOT NULL)[0m
  [1m[35m (0.6ms)[0m  [1m[34mSELECT "schema_migrations"."version" FROM "schema_migrations" ORDER BY "schema_migrations"."version" ASC[0m
  
ActiveRecord::PendingMigrationError (

Migrations are pending. To resolve this issue, run:

        bin/rails db:migrate RAILS_ENV=development

You have 3 pending migrations:

20210627114048_create_owners.rb
20210627114420_create_clinics.rb
20210627114446_create_pets.rb


):
  
activerecord (6.1.4) lib/active_record/migration.rb:625:in `check_pending!'
activerecord (6.1.4) lib/active_record/migration.rb:590:in `block (2 levels) in call'
activesupport (6.1.4) lib/active_support/evented_file_update_checker.rb:59:in `execute'
activerecord (6.1.4) lib/active_record/migration.rb:595:in `block in call'
activerecord (6.1.4) lib/active_record/migration.rb:587:in `synchronize'
activerecord (6.1.4) lib/active_record/migration.rb:587:in `call'
actionpack (6.1.4) lib/action_dispatch/middleware/callbacks.rb:27:in `block in call'
activesupport (6.1.4) lib/active_support/callbacks.rb:98:in `run_callbacks'
actionpack (6.1.4) lib/action_dispatch/middleware/callbacks.rb:26:in `call'
actionpack (6.1.4) lib/action_dispatch/middleware/executor.rb:14:in `call'
actionpack (6.1.4) lib/action_dispatch/middleware/actionable_exceptions.rb:18:in `call'
actionpack (6.1.4) lib/action_dispatch/middleware/debug_exceptions.rb:29:in `call'
actionpack (6.1.4) lib/action_dispatch/middleware/show_exceptions.rb:33:in `call'
railties (6.1.4) lib/rails/rack/logger.rb:37:in `call_app'
railties (6.1.4) lib/rails/rack/logger.rb:26:in `block in call'
activesupport (6.1.4) lib/active_support/tagged_logging.rb:99:in `block in tagged'
activesupport (6.1.4) lib/active_support/tagged_logging.rb:37:in `tagged'
activesupport (6.1.4) lib/active_support/tagged_logging.rb:99:in `tagged'
railties (6.1.4) lib/rails/rack/logger.rb:26:in `call'
actionpack (6.1.4) lib/action_dispatch/middleware/remote_ip.rb:81:in `call'
actionpack (6.1.4) lib/action_dispatch/middleware/request_id.rb:26:in `call'
rack (2.2.3) lib/rack/runtime.rb:22:in `call'
activesupport (6.1.4) lib/active_support/cache/strategy/local_cache_middleware.rb:29:in `call'
actionpack (6.1.4) lib/action_dispatch/middleware/executor.rb:14:in `call'
actionpack (6.1.4) lib/action_dispatch/middleware/static.rb:24:in `call'
rack (2.2.3) lib/rack/sendfile.rb:110:in `call'
actionpack (6.1.4) lib/action_dispatch/middleware/host_authorization.rb:98:in `call'
rack-cors (1.1.1) lib/rack/cors.rb:100:in `call'
railties (6.1.4) lib/rails/engine.rb:539:in `call'
puma (5.3.2) lib/puma/configuration.rb:249:in `call'
puma (5.3.2) lib/puma/request.rb:77:in `block in handle_request'
puma (5.3.2) lib/puma/thread_pool.rb:338:in `with_force_shutdown'
puma (5.3.2) lib/puma/request.rb:76:in `handle_request'
puma (5.3.2) lib/puma/server.rb:438:in `process_client'
puma (5.3.2) lib/puma/thread_pool.rb:145:in `block in spawn_thread'
Started GET "/favicon.ico" for ::1 at 2021-06-27 14:07:40 +0200
  [1m[35m (0.3ms)[0m  [1m[34mSELECT "schema_migrations"."version" FROM "schema_migrations" ORDER BY "schema_migrations"."version" ASC[0m
  [1m[35mCACHE  (0.0ms)[0m  [1m[34mSELECT "schema_migrations"."version" FROM "schema_migrations" ORDER BY "schema_migrations"."version" ASC[0m
  
ActiveRecord::PendingMigrationError (

Migrations are pending. To resolve this issue, run:

        bin/rails db:migrate RAILS_ENV=development

You have 3 pending migrations:

20210627114048_create_owners.rb
20210627114420_create_clinics.rb
20210627114446_create_pets.rb


):
  
activerecord (6.1.4) lib/active_record/migration.rb:625:in `check_pending!'
activerecord (6.1.4) lib/active_record/migration.rb:590:in `block (2 levels) in call'
activesupport (6.1.4) lib/active_support/evented_file_update_checker.rb:59:in `execute'
activerecord (6.1.4) lib/active_record/migration.rb:595:in `block in call'
activerecord (6.1.4) lib/active_record/migration.rb:587:in `synchronize'
activerecord (6.1.4) lib/active_record/migration.rb:587:in `call'
actionpack (6.1.4) lib/action_dispatch/middleware/callbacks.rb:27:in `block in call'
activesupport (6.1.4) lib/active_support/callbacks.rb:98:in `run_callbacks'
actionpack (6.1.4) lib/action_dispatch/middleware/callbacks.rb:26:in `call'
actionpack (6.1.4) lib/action_dispatch/middleware/executor.rb:14:in `call'
actionpack (6.1.4) lib/action_dispatch/middleware/actionable_exceptions.rb:18:in `call'
actionpack (6.1.4) lib/action_dispatch/middleware/debug_exceptions.rb:29:in `call'
actionpack (6.1.4) lib/action_dispatch/middleware/show_exceptions.rb:33:in `call'
railties (6.1.4) lib/rails/rack/logger.rb:37:in `call_app'
railties (6.1.4) lib/rails/rack/logger.rb:26:in `block in call'
activesupport (6.1.4) lib/active_support/tagged_logging.rb:99:in `block in tagged'
activesupport (6.1.4) lib/active_support/tagged_logging.rb:37:in `tagged'
activesupport (6.1.4) lib/active_support/tagged_logging.rb:99:in `tagged'
railties (6.1.4) lib/rails/rack/logger.rb:26:in `call'
actionpack (6.1.4) lib/action_dispatch/middleware/remote_ip.rb:81:in `call'
actionpack (6.1.4) lib/action_dispatch/middleware/request_id.rb:26:in `call'
rack (2.2.3) lib/rack/runtime.rb:22:in `call'
activesupport (6.1.4) lib/active_support/cache/strategy/local_cache_middleware.rb:29:in `call'
actionpack (6.1.4) lib/action_dispatch/middleware/executor.rb:14:in `call'
actionpack (6.1.4) lib/action_dispatch/middleware/static.rb:24:in `call'
rack (2.2.3) lib/rack/sendfile.rb:110:in `call'
actionpack (6.1.4) lib/action_dispatch/middleware/host_authorization.rb:98:in `call'
rack-cors (1.1.1) lib/rack/cors.rb:100:in `call'
railties (6.1.4) lib/rails/engine.rb:539:in `call'
puma (5.3.2) lib/puma/configuration.rb:249:in `call'
puma (5.3.2) lib/puma/request.rb:77:in `block in handle_request'
puma (5.3.2) lib/puma/thread_pool.rb:338:in `with_force_shutdown'
puma (5.3.2) lib/puma/request.rb:76:in `handle_request'
puma (5.3.2) lib/puma/server.rb:438:in `process_client'
puma (5.3.2) lib/puma/thread_pool.rb:145:in `block in spawn_thread'
  [1m[35m (0.9ms)[0m  [1m[34mSELECT sqlite_version(*)[0m
  [1m[35m (0.2ms)[0m  [1m[34mSELECT "schema_migrations"."version" FROM "schema_migrations" ORDER BY "schema_migrations"."version" ASC[0m
Migrating to CreateOwners (20210627114048)
  [1m[36mTRANSACTION (0.1ms)[0m  [1m[36mbegin transaction[0m
  [1m[35m (0.8ms)[0m  [1m[35mCREATE TABLE "owners" ("id" integer PRIMARY KEY AUTOINCREMENT NOT NULL, "name" varchar, "email" varchar, "created_at" datetime(6) NOT NULL, "updated_at" datetime(6) NOT NULL)[0m
  [1m[36mActiveRecord::SchemaMigration Create (6.2ms)[0m  [1m[32mINSERT INTO "schema_migrations" ("version") VALUES (?)[0m  [["version", "20210627114048"]]
  [1m[36mTRANSACTION (26.5ms)[0m  [1m[36mcommit transaction[0m
Migrating to CreateClinics (20210627114420)
  [1m[36mTRANSACTION (0.1ms)[0m  [1m[36mbegin transaction[0m
  [1m[35m (0.6ms)[0m  [1m[35mCREATE TABLE "clinics" ("id" integer PRIMARY KEY AUTOINCREMENT NOT NULL, "name" varchar, "addr" varchar, "created_at" datetime(6) NOT NULL, "updated_at" datetime(6) NOT NULL)[0m
  [1m[36mActiveRecord::SchemaMigration Create (3.1ms)[0m  [1m[32mINSERT INTO "schema_migrations" ("version") VALUES (?)[0m  [["version", "20210627114420"]]
  [1m[36mTRANSACTION (15.3ms)[0m  [1m[36mcommit transaction[0m
Migrating to CreatePets (20210627114446)
  [1m[36mTRANSACTION (0.1ms)[0m  [1m[36mbegin transaction[0m
  [1m[35m (3.2ms)[0m  [1m[35mCREATE TABLE "pets" ("id" integer PRIMARY KEY AUTOINCREMENT NOT NULL, "name" varchar, "breed" varchar, "desc" varchar, "owner_id" integer NOT NULL, "clinic_id" integer NOT NULL, "created_at" datetime(6) NOT NULL, "updated_at" datetime(6) NOT NULL, CONSTRAINT "fk_rails_1ff5d16ccb"
FOREIGN KEY ("owner_id")
  REFERENCES "owners" ("id")
, CONSTRAINT "fk_rails_17fce83604"
FOREIGN KEY ("clinic_id")
  REFERENCES "clinics" ("id")
)[0m
  [1m[35m (0.5ms)[0m  [1m[35mCREATE INDEX "index_pets_on_owner_id" ON "pets" ("owner_id")[0m
  [1m[35m (0.4ms)[0m  [1m[35mCREATE INDEX "index_pets_on_clinic_id" ON "pets" ("clinic_id")[0m
  [1m[36mActiveRecord::SchemaMigration Create (0.5ms)[0m  [1m[32mINSERT INTO "schema_migrations" ("version") VALUES (?)[0m  [["version", "20210627114446"]]
  [1m[36mTRANSACTION (24.9ms)[0m  [1m[36mcommit transaction[0m
  [1m[36mActiveRecord::InternalMetadata Load (0.6ms)[0m  [1m[34mSELECT "ar_internal_metadata".* FROM "ar_internal_metadata" WHERE "ar_internal_metadata"."key" = ? LIMIT ?[0m  [["key", "environment"], ["LIMIT", 1]]
  [1m[36mTRANSACTION (0.2ms)[0m  [1m[36mbegin transaction[0m
  [1m[36mActiveRecord::InternalMetadata Create (3.1ms)[0m  [1m[32mINSERT INTO "ar_internal_metadata" ("key", "value", "created_at", "updated_at") VALUES (?, ?, ?, ?)[0m  [["key", "environment"], ["value", "development"], ["created_at", "2021-06-27 12:08:08.484925"], ["updated_at", "2021-06-27 12:08:08.484925"]]
  [1m[36mTRANSACTION (42.2ms)[0m  [1m[36mcommit transaction[0m
  [1m[35m (0.2ms)[0m  [1m[34mSELECT sqlite_version(*)[0m
  [1m[35m (0.8ms)[0m  [1m[34mSELECT "schema_migrations"."version" FROM "schema_migrations" ORDER BY "schema_migrations"."version" ASC[0m
  [1m[35m (0.8ms)[0m  [1m[34mSELECT sqlite_version(*)[0m
  [1m[35m (0.2ms)[0m  [1m[34mSELECT "schema_migrations"."version" FROM "schema_migrations" ORDER BY "schema_migrations"."version" ASC[0m
  [1m[35m (0.3ms)[0m  [1m[34mSELECT "ar_internal_metadata"."value" FROM "ar_internal_metadata" WHERE "ar_internal_metadata"."key" = ?[0m  [["key", "environment"]]
  [1m[35m (0.2ms)[0m  [1m[34mSELECT "schema_migrations"."version" FROM "schema_migrations" ORDER BY "schema_migrations"."version" ASC[0m
  [1m[35m (0.2ms)[0m  [1m[34mSELECT "ar_internal_metadata"."value" FROM "ar_internal_metadata" WHERE "ar_internal_metadata"."key" = ?[0m  [["key", "environment"]]
  [1m[35m (0.2ms)[0m  [1m[34mSELECT "schema_migrations"."version" FROM "schema_migrations" ORDER BY "schema_migrations"."version" ASC[0m
  [1m[35m (0.2ms)[0m  [1m[34mSELECT "ar_internal_metadata"."value" FROM "ar_internal_metadata" WHERE "ar_internal_metadata"."key" = ?[0m  [["key", "environment"]]
  [1m[35m (0.2ms)[0m  [1m[34mSELECT sqlite_version(*)[0m
  [1m[35m (0.2ms)[0m  [1m[34mSELECT sqlite_version(*)[0m
  [1m[35m (0.3ms)[0m  [1m[34mSELECT sqlite_version(*)[0m
  [1m[35m (0.3ms)[0m  [1m[35mDROP TABLE IF EXISTS "clinics"[0m
  [1m[35m (36.8ms)[0m  [1m[35mCREATE TABLE "clinics" ("id" integer PRIMARY KEY AUTOINCREMENT NOT NULL, "name" varchar, "addr" varchar, "created_at" datetime(6) NOT NULL, "updated_at" datetime(6) NOT NULL)[0m
  [1m[35m (0.3ms)[0m  [1m[35mDROP TABLE IF EXISTS "owners"[0m
  [1m[35m (37.9ms)[0m  [1m[35mCREATE TABLE "owners" ("id" integer PRIMARY KEY AUTOINCREMENT NOT NULL, "name" varchar, "email" varchar, "created_at" datetime(6) NOT NULL, "updated_at" datetime(6) NOT NULL)[0m
  [1m[35m (0.5ms)[0m  [1m[35mDROP TABLE IF EXISTS "pets"[0m
  [1m[35m (12.6ms)[0m  [1m[35mCREATE TABLE "pets" ("id" integer PRIMARY KEY AUTOINCREMENT NOT NULL, "name" varchar, "breed" varchar, "desc" varchar, "owner_id" integer NOT NULL, "clinic_id" integer NOT NULL, "created_at" datetime(6) NOT NULL, "updated_at" datetime(6) NOT NULL)[0m
  [1m[35m (11.0ms)[0m  [1m[35mCREATE INDEX "index_pets_on_clinic_id" ON "pets" ("clinic_id")[0m
  [1m[35m (14.3ms)[0m  [1m[35mCREATE INDEX "index_pets_on_owner_id" ON "pets" ("owner_id")[0m
  [1m[36mTRANSACTION (0.2ms)[0m  [1m[36mbegin transaction[0m
  [1m[35m (0.1ms)[0m  [1m[35mPRAGMA foreign_keys[0m
  [1m[35m (0.2ms)[0m  [1m[35mPRAGMA defer_foreign_keys[0m
  [1m[35m (0.3ms)[0m  [1m[35mPRAGMA defer_foreign_keys = ON[0m
  [1m[35m (0.1ms)[0m  [1m[35mPRAGMA foreign_keys = OFF[0m
  [1m[35m (0.3ms)[0m  [1m[35mCREATE TEMPORARY TABLE "apets" ("id" integer NOT NULL PRIMARY KEY, "name" varchar DEFAULT NULL, "breed" varchar DEFAULT NULL, "desc" varchar DEFAULT NULL, "owner_id" integer NOT NULL, "clinic_id" integer NOT NULL, "created_at" datetime(6) NOT NULL, "updated_at" datetime(6) NOT NULL)[0m
  [1m[35m (0.3ms)[0m  [1m[35mCREATE INDEX "tindex_apets_on_owner_id" ON "apets" ("owner_id")[0m
  [1m[35m (0.2ms)[0m  [1m[35mCREATE INDEX "tindex_apets_on_clinic_id" ON "apets" ("clinic_id")[0m
  [1m[35m (0.2ms)[0m  [1m[32mINSERT INTO "apets" ("id","name","breed","desc","owner_id","clinic_id","created_at","updated_at")
                     SELECT "id","name","breed","desc","owner_id","clinic_id","created_at","updated_at" FROM "pets"[0m
  [1m[35m (0.8ms)[0m  [1m[35mDROP TABLE "pets"[0m
  [1m[35m (0.3ms)[0m  [1m[35mCREATE TABLE "pets" ("id" integer NOT NULL PRIMARY KEY, "name" varchar DEFAULT NULL, "breed" varchar DEFAULT NULL, "desc" varchar DEFAULT NULL, "owner_id" integer NOT NULL, "clinic_id" integer NOT NULL, "created_at" datetime(6) NOT NULL, "updated_at" datetime(6) NOT NULL, CONSTRAINT "fk_rails_17fce83604"
FOREIGN KEY ("clinic_id")
  REFERENCES "clinics" ("id")
)[0m
  [1m[35m (0.3ms)[0m  [1m[35mCREATE INDEX "index_pets_on_clinic_id" ON "pets" ("clinic_id")[0m
  [1m[35m (0.4ms)[0m  [1m[35mCREATE INDEX "index_pets_on_owner_id" ON "pets" ("owner_id")[0m
  [1m[35m (0.2ms)[0m  [1m[32mINSERT INTO "pets" ("id","name","breed","desc","owner_id","clinic_id","created_at","updated_at")
                     SELECT "id","name","breed","desc","owner_id","clinic_id","created_at","updated_at" FROM "apets"[0m
  [1m[35m (0.5ms)[0m  [1m[35mDROP TABLE "apets"[0m
  [1m[35m (0.3ms)[0m  [1m[35mPRAGMA defer_foreign_keys = 0[0m
  [1m[35m (0.1ms)[0m  [1m[35mPRAGMA foreign_keys = 1[0m
  [1m[36mTRANSACTION (7.2ms)[0m  [1m[36mcommit transaction[0m
  [1m[36mTRANSACTION (1.2ms)[0m  [1m[36mbegin transaction[0m
  [1m[35m (0.2ms)[0m  [1m[35mPRAGMA foreign_keys[0m
  [1m[35m (0.2ms)[0m  [1m[35mPRAGMA defer_foreign_keys[0m
  [1m[35m (0.2ms)[0m  [1m[35mPRAGMA defer_foreign_keys = ON[0m
  [1m[35m (0.2ms)[0m  [1m[35mPRAGMA foreign_keys = OFF[0m
  [1m[35m (0.4ms)[0m  [1m[35mCREATE TEMPORARY TABLE "apets" ("id" integer NOT NULL PRIMARY KEY, "name" varchar DEFAULT NULL, "breed" varchar DEFAULT NULL, "desc" varchar DEFAULT NULL, "owner_id" integer NOT NULL, "clinic_id" integer NOT NULL, "created_at" datetime(6) NOT NULL, "updated_at" datetime(6) NOT NULL)[0m
  [1m[35m (0.3ms)[0m  [1m[35mCREATE INDEX "tindex_apets_on_owner_id" ON "apets" ("owner_id")[0m
  [1m[35m (0.4ms)[0m  [1m[35mCREATE INDEX "tindex_apets_on_clinic_id" ON "apets" ("clinic_id")[0m
  [1m[35m (0.3ms)[0m  [1m[32mINSERT INTO "apets" ("id","name","breed","desc","owner_id","clinic_id","created_at","updated_at")
                     SELECT "id","name","breed","desc","owner_id","clinic_id","created_at","updated_at" FROM "pets"[0m
  [1m[35m (0.8ms)[0m  [1m[35mDROP TABLE "pets"[0m
  [1m[35m (2.4ms)[0m  [1m[35mCREATE TABLE "pets" ("id" integer NOT NULL PRIMARY KEY, "name" varchar DEFAULT NULL, "breed" varchar DEFAULT NULL, "desc" varchar DEFAULT NULL, "owner_id" integer NOT NULL, "clinic_id" integer NOT NULL, "created_at" datetime(6) NOT NULL, "updated_at" datetime(6) NOT NULL, CONSTRAINT "fk_rails_17fce83604"
FOREIGN KEY ("clinic_id")
  REFERENCES "clinics" ("id")
, CONSTRAINT "fk_rails_1ff5d16ccb"
FOREIGN KEY ("owner_id")
  REFERENCES "owners" ("id")
)[0m
  [1m[35m (0.4ms)[0m  [1m[35mCREATE INDEX "index_pets_on_clinic_id" ON "pets" ("clinic_id")[0m
  [1m[35m (0.4ms)[0m  [1m[35mCREATE INDEX "index_pets_on_owner_id" ON "pets" ("owner_id")[0m
  [1m[35m (0.7ms)[0m  [1m[32mINSERT INTO "pets" ("id","name","breed","desc","owner_id","clinic_id","created_at","updated_at")
                     SELECT "id","name","breed","desc","owner_id","clinic_id","created_at","updated_at" FROM "apets"[0m
  [1m[35m (0.3ms)[0m  [1m[35mDROP TABLE "apets"[0m
  [1m[35m (0.2ms)[0m  [1m[35mPRAGMA defer_foreign_keys = 0[0m
  [1m[35m (0.3ms)[0m  [1m[35mPRAGMA foreign_keys = 1[0m
  [1m[36mTRANSACTION (155.0ms)[0m  [1m[36mcommit transaction[0m
  [1m[35m (44.4ms)[0m  [1m[35mCREATE TABLE "schema_migrations" ("version" varchar NOT NULL PRIMARY KEY)[0m
  [1m[35m (0.3ms)[0m  [1m[34mSELECT "schema_migrations"."version" FROM "schema_migrations" ORDER BY "schema_migrations"."version" ASC[0m
  [1m[35m (46.8ms)[0m  [1m[32mINSERT INTO "schema_migrations" (version) VALUES (20210627114446)[0m
  [1m[35m (28.5ms)[0m  [1m[32mINSERT INTO "schema_migrations" (version) VALUES
(20210627114048),
(20210627114420);

[0m
  [1m[35m (33.0ms)[0m  [1m[35mCREATE TABLE "ar_internal_metadata" ("key" varchar NOT NULL PRIMARY KEY, "value" varchar, "created_at" datetime(6) NOT NULL, "updated_at" datetime(6) NOT NULL)[0m
  [1m[36mActiveRecord::InternalMetadata Load (0.6ms)[0m  [1m[34mSELECT "ar_internal_metadata".* FROM "ar_internal_metadata" WHERE "ar_internal_metadata"."key" = ? LIMIT ?[0m  [["key", "environment"], ["LIMIT", 1]]
  [1m[36mTRANSACTION (10.7ms)[0m  [1m[36mbegin transaction[0m
  [1m[36mActiveRecord::InternalMetadata Create (0.8ms)[0m  [1m[32mINSERT INTO "ar_internal_metadata" ("key", "value", "created_at", "updated_at") VALUES (?, ?, ?, ?)[0m  [["key", "environment"], ["value", "development"], ["created_at", "2021-06-27 12:08:17.564107"], ["updated_at", "2021-06-27 12:08:17.564107"]]
  [1m[36mTRANSACTION (86.1ms)[0m  [1m[36mcommit transaction[0m
  [1m[36mActiveRecord::InternalMetadata Load (0.2ms)[0m  [1m[34mSELECT "ar_internal_metadata".* FROM "ar_internal_metadata" WHERE "ar_internal_metadata"."key" = ? LIMIT ?[0m  [["key", "environment"], ["LIMIT", 1]]
  [1m[36mActiveRecord::InternalMetadata Load (0.2ms)[0m  [1m[34mSELECT "ar_internal_metadata".* FROM "ar_internal_metadata" WHERE "ar_internal_metadata"."key" = ? LIMIT ?[0m  [["key", "schema_sha1"], ["LIMIT", 1]]
  [1m[36mTRANSACTION (0.1ms)[0m  [1m[36mbegin transaction[0m
  [1m[36mActiveRecord::InternalMetadata Create (4.3ms)[0m  [1m[32mINSERT INTO "ar_internal_metadata" ("key", "value", "created_at", "updated_at") VALUES (?, ?, ?, ?)[0m  [["key", "schema_sha1"], ["value", "dde5cb686c44c2f3fb50aa2d70092989d48950e7"], ["created_at", "2021-06-27 12:08:17.689291"], ["updated_at", "2021-06-27 12:08:17.689291"]]
  [1m[36mTRANSACTION (88.3ms)[0m  [1m[36mcommit transaction[0m
  [1m[35m (0.2ms)[0m  [1m[34mSELECT sqlite_version(*)[0m
  [1m[35m (0.3ms)[0m  [1m[35mDROP TABLE IF EXISTS "clinics"[0m
  [1m[35m (64.2ms)[0m  [1m[35mCREATE TABLE "clinics" ("id" integer PRIMARY KEY AUTOINCREMENT NOT NULL, "name" varchar, "addr" varchar, "created_at" datetime(6) NOT NULL, "updated_at" datetime(6) NOT NULL)[0m
  [1m[35m (0.3ms)[0m  [1m[35mDROP TABLE IF EXISTS "owners"[0m
  [1m[35m (85.4ms)[0m  [1m[35mCREATE TABLE "owners" ("id" integer PRIMARY KEY AUTOINCREMENT NOT NULL, "name" varchar, "email" varchar, "created_at" datetime(6) NOT NULL, "updated_at" datetime(6) NOT NULL)[0m
  [1m[35m (0.3ms)[0m  [1m[35mDROP TABLE IF EXISTS "pets"[0m
  [1m[35m (50.6ms)[0m  [1m[35mCREATE TABLE "pets" ("id" integer PRIMARY KEY AUTOINCREMENT NOT NULL, "name" varchar, "breed" varchar, "desc" varchar, "owner_id" integer NOT NULL, "clinic_id" integer NOT NULL, "created_at" datetime(6) NOT NULL, "updated_at" datetime(6) NOT NULL)[0m
  [1m[35m (22.0ms)[0m  [1m[35mCREATE INDEX "index_pets_on_clinic_id" ON "pets" ("clinic_id")[0m
  [1m[35m (37.4ms)[0m  [1m[35mCREATE INDEX "index_pets_on_owner_id" ON "pets" ("owner_id")[0m
  [1m[36mTRANSACTION (0.1ms)[0m  [1m[36mbegin transaction[0m
  [1m[35m (0.2ms)[0m  [1m[35mPRAGMA foreign_keys[0m
  [1m[35m (0.2ms)[0m  [1m[35mPRAGMA defer_foreign_keys[0m
  [1m[35m (2.8ms)[0m  [1m[35mPRAGMA defer_foreign_keys = ON[0m
  [1m[35m (0.2ms)[0m  [1m[35mPRAGMA foreign_keys = OFF[0m
  [1m[35m (0.5ms)[0m  [1m[35mCREATE TEMPORARY TABLE "apets" ("id" integer NOT NULL PRIMARY KEY, "name" varchar DEFAULT NULL, "breed" varchar DEFAULT NULL, "desc" varchar DEFAULT NULL, "owner_id" integer NOT NULL, "clinic_id" integer NOT NULL, "created_at" datetime(6) NOT NULL, "updated_at" datetime(6) NOT NULL)[0m
  [1m[35m (0.6ms)[0m  [1m[35mCREATE INDEX "tindex_apets_on_owner_id" ON "apets" ("owner_id")[0m
  [1m[35m (0.4ms)[0m  [1m[35mCREATE INDEX "tindex_apets_on_clinic_id" ON "apets" ("clinic_id")[0m
  [1m[35m (0.3ms)[0m  [1m[32mINSERT INTO "apets" ("id","name","breed","desc","owner_id","clinic_id","created_at","updated_at")
                     SELECT "id","name","breed","desc","owner_id","clinic_id","created_at","updated_at" FROM "pets"[0m
  [1m[35m (1.0ms)[0m  [1m[35mDROP TABLE "pets"[0m
  [1m[35m (0.5ms)[0m  [1m[35mCREATE TABLE "pets" ("id" integer NOT NULL PRIMARY KEY, "name" varchar DEFAULT NULL, "breed" varchar DEFAULT NULL, "desc" varchar DEFAULT NULL, "owner_id" integer NOT NULL, "clinic_id" integer NOT NULL, "created_at" datetime(6) NOT NULL, "updated_at" datetime(6) NOT NULL, CONSTRAINT "fk_rails_17fce83604"
FOREIGN KEY ("clinic_id")
  REFERENCES "clinics" ("id")
)[0m
  [1m[35m (0.6ms)[0m  [1m[35mCREATE INDEX "index_pets_on_clinic_id" ON "pets" ("clinic_id")[0m
  [1m[35m (0.3ms)[0m  [1m[35mCREATE INDEX "index_pets_on_owner_id" ON "pets" ("owner_id")[0m
  [1m[35m (0.2ms)[0m  [1m[32mINSERT INTO "pets" ("id","name","breed","desc","owner_id","clinic_id","created_at","updated_at")
                     SELECT "id","name","breed","desc","owner_id","clinic_id","created_at","updated_at" FROM "apets"[0m
  [1m[35m (0.5ms)[0m  [1m[35mDROP TABLE "apets"[0m
  [1m[35m (0.3ms)[0m  [1m[35mPRAGMA defer_foreign_keys = 0[0m
  [1m[35m (0.2ms)[0m  [1m[35mPRAGMA foreign_keys = 1[0m
  [1m[36mTRANSACTION (12.5ms)[0m  [1m[36mcommit transaction[0m
  [1m[36mTRANSACTION (0.1ms)[0m  [1m[36mbegin transaction[0m
  [1m[35m (0.2ms)[0m  [1m[35mPRAGMA foreign_keys[0m
  [1m[35m (0.2ms)[0m  [1m[35mPRAGMA defer_foreign_keys[0m
  [1m[35m (0.4ms)[0m  [1m[35mPRAGMA defer_foreign_keys = ON[0m
  [1m[35m (0.2ms)[0m  [1m[35mPRAGMA foreign_keys = OFF[0m
  [1m[35m (2.2ms)[0m  [1m[35mCREATE TEMPORARY TABLE "apets" ("id" integer NOT NULL PRIMARY KEY, "name" varchar DEFAULT NULL, "breed" varchar DEFAULT NULL, "desc" varchar DEFAULT NULL, "owner_id" integer NOT NULL, "clinic_id" integer NOT NULL, "created_at" datetime(6) NOT NULL, "updated_at" datetime(6) NOT NULL)[0m
  [1m[35m (0.5ms)[0m  [1m[35mCREATE INDEX "tindex_apets_on_owner_id" ON "apets" ("owner_id")[0m
  [1m[35m (0.5ms)[0m  [1m[35mCREATE INDEX "tindex_apets_on_clinic_id" ON "apets" ("clinic_id")[0m
  [1m[35m (0.2ms)[0m  [1m[32mINSERT INTO "apets" ("id","name","breed","desc","owner_id","clinic_id","created_at","updated_at")
                     SELECT "id","name","breed","desc","owner_id","clinic_id","created_at","updated_at" FROM "pets"[0m
  [1m[35m (0.7ms)[0m  [1m[35mDROP TABLE "pets"[0m
  [1m[35m (0.2ms)[0m  [1m[35mCREATE TABLE "pets" ("id" integer NOT NULL PRIMARY KEY, "name" varchar DEFAULT NULL, "breed" varchar DEFAULT NULL, "desc" varchar DEFAULT NULL, "owner_id" integer NOT NULL, "clinic_id" integer NOT NULL, "created_at" datetime(6) NOT NULL, "updated_at" datetime(6) NOT NULL, CONSTRAINT "fk_rails_17fce83604"
FOREIGN KEY ("clinic_id")
  REFERENCES "clinics" ("id")
, CONSTRAINT "fk_rails_1ff5d16ccb"
FOREIGN KEY ("owner_id")
  REFERENCES "owners" ("id")
)[0m
  [1m[35m (0.6ms)[0m  [1m[35mCREATE INDEX "index_pets_on_clinic_id" ON "pets" ("clinic_id")[0m
  [1m[35m (0.3ms)[0m  [1m[35mCREATE INDEX "index_pets_on_owner_id" ON "pets" ("owner_id")[0m
  [1m[35m (0.1ms)[0m  [1m[32mINSERT INTO "pets" ("id","name","breed","desc","owner_id","clinic_id","created_at","updated_at")
                     SELECT "id","name","breed","desc","owner_id","clinic_id","created_at","updated_at" FROM "apets"[0m
  [1m[35m (0.3ms)[0m  [1m[35mDROP TABLE "apets"[0m
  [1m[35m (0.1ms)[0m  [1m[35mPRAGMA defer_foreign_keys = 0[0m
  [1m[35m (0.2ms)[0m  [1m[35mPRAGMA foreign_keys = 1[0m
  [1m[36mTRANSACTION (8.6ms)[0m  [1m[36mcommit transaction[0m
  [1m[35m (11.8ms)[0m  [1m[35mCREATE TABLE "schema_migrations" ("version" varchar NOT NULL PRIMARY KEY)[0m
  [1m[35m (0.2ms)[0m  [1m[34mSELECT "schema_migrations"."version" FROM "schema_migrations" ORDER BY "schema_migrations"."version" ASC[0m
  [1m[35m (7.7ms)[0m  [1m[32mINSERT INTO "schema_migrations" (version) VALUES (20210627114446)[0m
  [1m[35m (6.7ms)[0m  [1m[32mINSERT INTO "schema_migrations" (version) VALUES
(20210627114048),
(20210627114420);

[0m
  [1m[35m (19.9ms)[0m  [1m[35mCREATE TABLE "ar_internal_metadata" ("key" varchar NOT NULL PRIMARY KEY, "value" varchar, "created_at" datetime(6) NOT NULL, "updated_at" datetime(6) NOT NULL)[0m
  [1m[36mActiveRecord::InternalMetadata Load (0.3ms)[0m  [1m[34mSELECT "ar_internal_metadata".* FROM "ar_internal_metadata" WHERE "ar_internal_metadata"."key" = ? LIMIT ?[0m  [["key", "environment"], ["LIMIT", 1]]
  [1m[36mTRANSACTION (0.1ms)[0m  [1m[36mbegin transaction[0m
  [1m[36mActiveRecord::InternalMetadata Create (1.7ms)[0m  [1m[32mINSERT INTO "ar_internal_metadata" ("key", "value", "created_at", "updated_at") VALUES (?, ?, ?, ?)[0m  [["key", "environment"], ["value", "development"], ["created_at", "2021-06-27 12:08:18.392639"], ["updated_at", "2021-06-27 12:08:18.392639"]]
  [1m[36mTRANSACTION (12.3ms)[0m  [1m[36mcommit transaction[0m
  [1m[36mActiveRecord::InternalMetadata Load (0.2ms)[0m  [1m[34mSELECT "ar_internal_metadata".* FROM "ar_internal_metadata" WHERE "ar_internal_metadata"."key" = ? LIMIT ?[0m  [["key", "environment"], ["LIMIT", 1]]
  [1m[36mTRANSACTION (0.1ms)[0m  [1m[36mbegin transaction[0m
  [1m[36mActiveRecord::InternalMetadata Update (0.6ms)[0m  [1m[33mUPDATE "ar_internal_metadata" SET "value" = ?, "updated_at" = ? WHERE "ar_internal_metadata"."key" = ?[0m  [["value", "test"], ["updated_at", "2021-06-27 12:08:18.422988"], ["key", "environment"]]
  [1m[36mTRANSACTION (11.9ms)[0m  [1m[36mcommit transaction[0m
  [1m[36mActiveRecord::InternalMetadata Load (0.2ms)[0m  [1m[34mSELECT "ar_internal_metadata".* FROM "ar_internal_metadata" WHERE "ar_internal_metadata"."key" = ? LIMIT ?[0m  [["key", "schema_sha1"], ["LIMIT", 1]]
  [1m[36mTRANSACTION (0.2ms)[0m  [1m[36mbegin transaction[0m
  [1m[36mActiveRecord::InternalMetadata Create (1.9ms)[0m  [1m[32mINSERT INTO "ar_internal_metadata" ("key", "value", "created_at", "updated_at") VALUES (?, ?, ?, ?)[0m  [["key", "schema_sha1"], ["value", "dde5cb686c44c2f3fb50aa2d70092989d48950e7"], ["created_at", "2021-06-27 12:08:18.450170"], ["updated_at", "2021-06-27 12:08:18.450170"]]
  [1m[36mTRANSACTION (10.4ms)[0m  [1m[36mcommit transaction[0m
  [1m[35m (0.3ms)[0m  [1m[34mSELECT sqlite_version(*)[0m
  [1m[35m (0.3ms)[0m  [1m[34mSELECT "schema_migrations"."version" FROM "schema_migrations" ORDER BY "schema_migrations"."version" ASC[0m
  [1m[35m (0.1ms)[0m  [1m[34mSELECT sqlite_version(*)[0m
  [1m[36mTRANSACTION (0.1ms)[0m  [1m[36mbegin transaction[0m
  [1m[36mClinic Create (1.0ms)[0m  [1m[32mINSERT INTO "clinics" ("name", "addr", "created_at", "updated_at") VALUES (?, ?, ?, ?)[0m  [["name", "Best clinic"], ["addr", "Baker Street"], ["created_at", "2021-06-27 12:08:18.546618"], ["updated_at", "2021-06-27 12:08:18.546618"]]
  [1m[36mTRANSACTION (8.5ms)[0m  [1m[36mcommit transaction[0m
  [1m[36mTRANSACTION (0.2ms)[0m  [1m[36mbegin transaction[0m
  [1m[36mClinic Create (0.8ms)[0m  [1m[32mINSERT INTO "clinics" ("name", "addr", "created_at", "updated_at") VALUES (?, ?, ?, ?)[0m  [["name", "Best clinic2"], ["addr", "Baker Street2"], ["created_at", "2021-06-27 12:08:18.569126"], ["updated_at", "2021-06-27 12:08:18.569126"]]
  [1m[36mTRANSACTION (10.9ms)[0m  [1m[36mcommit transaction[0m
  [1m[36mTRANSACTION (0.1ms)[0m  [1m[36mbegin transaction[0m
  [1m[36mOwner Create (2.5ms)[0m  [1m[32mINSERT INTO "owners" ("name", "email", "created_at", "updated_at") VALUES (?, ?, ?, ?)[0m  [["name", "owner1"], ["email", "owner1@owner"], ["created_at", "2021-06-27 12:08:18.608572"], ["updated_at", "2021-06-27 12:08:18.608572"]]
  [1m[36mTRANSACTION (16.8ms)[0m  [1m[36mcommit transaction[0m
Started GET "/clinics" for ::1 at 2021-06-27 14:08:36 +0200
  [1m[35m (0.7ms)[0m  [1m[34mSELECT sqlite_version(*)[0m
  [1m[35m (0.2ms)[0m  [1m[34mSELECT "schema_migrations"."version" FROM "schema_migrations" ORDER BY "schema_migrations"."version" ASC[0m
Processing by ClinicsController#index as HTML
  [1m[36mClinic Load (0.5ms)[0m  [1m[34mSELECT "clinics".* FROM "clinics"[0m
  ↳ app/controllers/clinics_controller.rb:10:in `index'
Completed 200 OK in 90ms (Views: 34.5ms | ActiveRecord: 1.9ms | Allocations: 7222)


Started GET "/favicon.ico" for ::1 at 2021-06-27 14:08:38 +0200
  
ActionController::RoutingError (No route matches [GET] "/favicon.ico"):
  
Started GET "/owners" for ::1 at 2021-06-27 14:11:37 +0200
Processing by OwnersController#index as HTML
  [1m[36mOwner Load (0.5ms)[0m  [1m[34mSELECT "owners".* FROM "owners"[0m
  ↳ app/controllers/owners_controller.rb:16:in `index'
Completed 200 OK in 26ms (Views: 12.9ms | ActiveRecord: 1.9ms | Allocations: 4464)


